=========================
Fcitx 5.0.15 -- Get Signal No.: 6
Date: try "date -d @1649946360" if you are using GNU date ***
ProcessID: 790
fcitx5(+0xd164)[0x55e4d0998164]
/usr/lib/libc.so.6(+0x42560)[0x7f3cc74cd560]
/usr/lib/libc.so.6(+0x8f34c)[0x7f3cc751a34c]
/usr/lib/libc.so.6(raise+0x18)[0x7f3cc74cd4b8]
/usr/lib/libc.so.6(abort+0xd3)[0x7f3cc74b7534]
/usr/lib/libFcitx5Utils.so.2(+0x287bc)[0x7f3cc79447bc]
/usr/lib/libsystemd.so.0(+0x26936)[0x7f3cc7383936]
/usr/lib/libsystemd.so.0(+0x26816)[0x7f3cc7383816]
/usr/lib/libsystemd.so.0(+0x263b5)[0x7f3cc73833b5]
/usr/lib/libsystemd.so.0(+0x26816)[0x7f3cc7383816]
/usr/lib/libsystemd.so.0(+0x263b5)[0x7f3cc73833b5]
/usr/lib/libsystemd.so.0(+0x26816)[0x7f3cc7383816]
/usr/lib/libsystemd.so.0(+0x263b5)[0x7f3cc73833b5]
/usr/lib/libsystemd.so.0(+0x26816)[0x7f3cc7383816]
/usr/lib/libsystemd.so.0(+0x263b5)[0x7f3cc73833b5]
/usr/lib/libsystemd.so.0(+0x26816)[0x7f3cc7383816]
/usr/lib/libsystemd.so.0(+0x263b5)[0x7f3cc73833b5]
/usr/lib/libsystemd.so.0(+0x26816)[0x7f3cc7383816]
/usr/lib/libsystemd.so.0(+0x2634e)[0x7f3cc738334e]
/usr/lib/libsystemd.so.0(+0x269b8)[0x7f3cc73839b8]
/usr/lib/libsystemd.so.0(+0x3ebf8)[0x7f3cc739bbf8]
/usr/lib/libsystemd.so.0(+0x46619)[0x7f3cc73a3619]
/usr/lib/libsystemd.so.0(+0x4e8c8)[0x7f3cc73ab8c8]
/usr/lib/libsystemd.so.0(+0x7a2ab)[0x7f3cc73d72ab]
/usr/lib/libsystemd.so.0(sd_event_dispatch+0x13e)[0x7f3cc73d74ae]
/usr/lib/libsystemd.so.0(sd_event_run+0x119)[0x7f3cc73da1b9]
/usr/lib/libsystemd.so.0(sd_event_loop+0x60)[0x7f3cc73da390]
/usr/lib/libFcitx5Utils.so.2(_ZN5fcitx9EventLoop4execEv+0x16)[0x7f3cc7957896]
/usr/lib/libFcitx5Core.so.7(_ZN5fcitx8Instance4execEv+0x57)[0x7f3cc7a15777]
fcitx5(+0xb6f8)[0x55e4d09966f8]
/usr/lib/libc.so.6(+0x2d310)[0x7f3cc74b8310]
/usr/lib/libc.so.6(__libc_start_main+0x81)[0x7f3cc74b83c1]
